<?xml version="1.0" encoding="UTF-8"?>
<testng-results skipped="0" failed="0" ignored="0" total="2" passed="2">
  <reporter-output>
  </reporter-output>
  <suite name="Suite" duration-ms="159" started-at="2020-07-09T04:20:12Z" finished-at="2020-07-09T04:20:12Z">
    <groups>
    </groups>
    <test name="Test" duration-ms="159" started-at="2020-07-09T04:20:12Z" finished-at="2020-07-09T04:20:12Z">
      <class name="pac1.Sample2">
        <test-method status="PASS" signature="add()[pri:0, instance:pac1.Sample2@100fc185]" name="add" duration-ms="6" started-at="2020-07-09T09:50:12Z" finished-at="2020-07-09T09:50:12Z">
          <reporter-output>
          </reporter-output>
        </test-method> <!-- add -->
      </class> <!-- pac1.Sample2 -->
      <class name="pac1.Sample1">
        <test-method status="PASS" signature="reverse()[pri:0, instance:pac1.Sample1@56f4468b]" name="reverse" duration-ms="46" started-at="2020-07-09T09:50:12Z" finished-at="2020-07-09T09:50:12Z">
          <reporter-output>
          </reporter-output>
        </test-method> <!-- reverse -->
      </class> <!-- pac1.Sample1 -->
    </test> <!-- Test -->
  </suite> <!-- Suite -->
</testng-results>
